wget  https://dl.fedoraproject.org/pub/fedora/linux/releases/25/Everything/x86_64/os/Packages/a/acl-2.2.52-11.fc24.x86_64.rpm
wget  https://dl.fedoraproject.org/pub/fedora/linux/releases/25/Everything/x86_64/os/Packages/a/atomic-devmode-0.3.3-1.fc25.noarch.rpm
wget  https://dl.fedoraproject.org/pub/fedora/linux/releases/25/Everything/x86_64/os/Packages/a/attr-2.4.47-16.fc24.x86_64.rpm
wget  https://dl.fedoraproject.org/pub/fedora/linux/releases/25/Everything/x86_64/os/Packages/a/authconfig-6.2.10-14.fc25.x86_64.rpm
wget  https://dl.fedoraproject.org/pub/fedora/linux/releases/25/Everything/x86_64/os/Packages/b/basesystem-11-2.fc24.noarch.rpm
wget  https://dl.fedoraproject.org/pub/fedora/linux/releases/25/Everything/x86_64/os/Packages/b/bash-4.3.43-4.fc25.x86_64.rpm
wget  https://dl.fedoraproject.org/pub/fedora/linux/releases/25/Everything/x86_64/os/Packages/b/bridge-utils-1.5-13.fc24.x86_64.rpm
wget  https://dl.fedoraproject.org/pub/fedora/linux/releases/25/Everything/x86_64/os/Packages/b/btrfs-progs-4.6.1-1.fc25.x86_64.rpm
wget  https://dl.fedoraproject.org/pub/fedora/linux/releases/25/Everything/x86_64/os/Packages/c/checkpolicy-2.5-8.fc25.x86_64.rpm
wget  https://dl.fedoraproject.org/pub/fedora/linux/releases/25/Everything/x86_64/os/Packages/c/chkconfig-1.8-1.fc25.x86_64.rpm
wget  https://dl.fedoraproject.org/pub/fedora/linux/releases/25/Everything/x86_64/os/Packages/c/cloud-utils-growpart-0.27-16.fc25.noarch.rpm
wget  https://dl.fedoraproject.org/pub/fedora/linux/releases/25/Everything/x86_64/os/Packages/c/conntrack-tools-1.4.3-1.fc25.x86_64.rpm
wget  https://dl.fedoraproject.org/pub/fedora/linux/releases/25/Everything/x86_64/os/Packages/c/cpio-2.12-3.fc24.x86_64.rpm
wget  https://dl.fedoraproject.org/pub/fedora/linux/releases/25/Everything/x86_64/os/Packages/c/crypto-policies-20160921-2.git75b9b04.fc25.noarch.rpm
wget  https://dl.fedoraproject.org/pub/fedora/linux/releases/25/Everything/x86_64/os/Packages/c/cryptsetup-1.7.2-3.fc25.x86_64.rpm
wget  https://dl.fedoraproject.org/pub/fedora/linux/releases/25/Everything/x86_64/os/Packages/c/cryptsetup-libs-1.7.2-3.fc25.x86_64.rpm
wget  https://dl.fedoraproject.org/pub/fedora/linux/releases/25/Everything/x86_64/os/Packages/c/cyrus-sasl-lib-2.1.26-26.2.fc24.x86_64.rpm
wget  https://dl.fedoraproject.org/pub/fedora/linux/releases/25/Everything/x86_64/os/Packages/d/dbus-glib-0.108-1.fc25.x86_64.rpm
wget  https://dl.fedoraproject.org/pub/fedora/linux/releases/25/Everything/x86_64/os/Packages/d/device-mapper-persistent-data-0.6.3-1.fc25.x86_64.rpm
wget  https://dl.fedoraproject.org/pub/fedora/linux/releases/25/Everything/x86_64/os/Packages/d/dhcp-client-12:4.3.5-1.fc25.x86_64.rpm
wget  https://dl.fedoraproject.org/pub/fedora/linux/releases/25/Everything/x86_64/os/Packages/d/dhcp-common-12:4.3.5-1.fc25.noarch.rpm
wget  https://dl.fedoraproject.org/pub/fedora/linux/releases/25/Everything/x86_64/os/Packages/d/dhcp-libs-12:4.3.5-1.fc25.x86_64.rpm
wget  https://dl.fedoraproject.org/pub/fedora/linux/releases/25/Everything/x86_64/os/Packages/d/diffutils-3.3-13.fc24.x86_64.rpm
wget  https://dl.fedoraproject.org/pub/fedora/linux/releases/25/Everything/x86_64/os/Packages/e/efibootmgr-14-3.fc25.x86_64.rpm
wget  https://dl.fedoraproject.org/pub/fedora/linux/releases/25/Everything/x86_64/os/Packages/e/efivar-libs-30-4.fc25.x86_64.rpm
wget  https://dl.fedoraproject.org/pub/fedora/linux/releases/25/Everything/x86_64/os/Packages/e/expat-2.2.0-1.fc25.x86_64.rpm
wget  https://dl.fedoraproject.org/pub/fedora/linux/releases/25/Everything/x86_64/os/Packages/f/fcgi-2.4.0-29.fc24.x86_64.rpm
wget  https://dl.fedoraproject.org/pub/fedora/linux/releases/25/Everything/x86_64/os/Packages/f/fedora-logos-22.0.0-3.fc24.x86_64.rpm
wget  https://dl.fedoraproject.org/pub/fedora/linux/releases/25/Everything/x86_64/os/Packages/f/fedora-release-25-1.noarch.rpm
wget  https://dl.fedoraproject.org/pub/fedora/linux/releases/25/Everything/x86_64/os/Packages/f/fedora-release-atomichost-25-1.noarch.rpm
wget  https://dl.fedoraproject.org/pub/fedora/linux/releases/25/Everything/x86_64/os/Packages/f/fedora-repos-25-1.noarch.rpm
wget  https://dl.fedoraproject.org/pub/fedora/linux/releases/25/Everything/x86_64/os/Packages/f/file-5.28-4.fc25.x86_64.rpm
wget  https://dl.fedoraproject.org/pub/fedora/linux/releases/25/Everything/x86_64/os/Packages/f/file-libs-5.28-4.fc25.x86_64.rpm
wget  https://dl.fedoraproject.org/pub/fedora/linux/releases/25/Everything/x86_64/os/Packages/f/filesystem-3.2-37.fc24.x86_64.rpm
wget  https://dl.fedoraproject.org/pub/fedora/linux/releases/25/Everything/x86_64/os/Packages/f/findutils-1:4.6.0-8.fc25.x86_64.rpm
wget  https://dl.fedoraproject.org/pub/fedora/linux/releases/25/Everything/x86_64/os/Packages/f/fipscheck-1.4.1-11.fc25.x86_64.rpm
wget  https://dl.fedoraproject.org/pub/fedora/linux/releases/25/Everything/x86_64/os/Packages/f/fipscheck-lib-1.4.1-11.fc25.x86_64.rpm
wget  https://dl.fedoraproject.org/pub/fedora/linux/releases/25/Everything/x86_64/os/Packages/f/freetype-2.6.5-1.fc25.x86_64.rpm
wget  https://dl.fedoraproject.org/pub/fedora/linux/releases/25/Everything/x86_64/os/Packages/f/fuse-2.9.7-1.fc25.x86_64.rpm
wget  https://dl.fedoraproject.org/pub/fedora/linux/releases/25/Everything/x86_64/os/Packages/f/fuse-libs-2.9.7-1.fc25.x86_64.rpm
wget  https://dl.fedoraproject.org/pub/fedora/linux/releases/25/Everything/x86_64/os/Packages/g/gawk-4.1.3-8.fc25.x86_64.rpm
wget  https://dl.fedoraproject.org/pub/fedora/linux/releases/25/Everything/x86_64/os/Packages/g/gc-7.4.4-1.fc25.x86_64.rpm
wget  https://dl.fedoraproject.org/pub/fedora/linux/releases/25/Everything/x86_64/os/Packages/g/gdbm-1.12-1.fc25.x86_64.rpm
wget  https://dl.fedoraproject.org/pub/fedora/linux/releases/25/Everything/x86_64/os/Packages/g/glib-networking-2.50.0-1.fc25.x86_64.rpm
wget  https://dl.fedoraproject.org/pub/fedora/linux/releases/25/Everything/x86_64/os/Packages/g/gmp-1:6.1.1-1.fc25.x86_64.rpm
wget  https://dl.fedoraproject.org/pub/fedora/linux/releases/25/Everything/x86_64/os/Packages/g/gnupg-1.4.21-1.fc25.x86_64.rpm
wget  https://dl.fedoraproject.org/pub/fedora/linux/releases/25/Everything/x86_64/os/Packages/g/gnupg2-2.1.13-2.fc25.x86_64.rpm
wget  https://dl.fedoraproject.org/pub/fedora/linux/releases/25/Everything/x86_64/os/Packages/g/gnupg2-smime-2.1.13-2.fc25.x86_64.rpm
wget  https://dl.fedoraproject.org/pub/fedora/linux/releases/25/Everything/x86_64/os/Packages/g/gobject-introspection-1.50.0-1.fc25.x86_64.rpm
wget  https://dl.fedoraproject.org/pub/fedora/linux/releases/25/Everything/x86_64/os/Packages/g/gperftools-libs-2.5-2.fc25.x86_64.rpm
wget  https://dl.fedoraproject.org/pub/fedora/linux/releases/25/Everything/x86_64/os/Packages/g/grubby-8.40-3.fc24.x86_64.rpm
wget  https://dl.fedoraproject.org/pub/fedora/linux/releases/25/Everything/x86_64/os/Packages/g/gsettings-desktop-schemas-3.22.0-1.fc25.x86_64.rpm
wget  https://dl.fedoraproject.org/pub/fedora/linux/releases/25/Everything/x86_64/os/Packages/g/guile-5:2.0.13-1.fc25.x86_64.rpm
wget  https://dl.fedoraproject.org/pub/fedora/linux/releases/25/Everything/x86_64/os/Packages/g/gzip-1.8-1.fc25.x86_64.rpm
wget  https://dl.fedoraproject.org/pub/fedora/linux/releases/25/Everything/x86_64/os/Packages/h/hardlink-1:1.1-1.fc25.x86_64.rpm
wget  https://dl.fedoraproject.org/pub/fedora/linux/releases/25/Everything/x86_64/os/Packages/h/hostname-3.15-7.fc24.x86_64.rpm
wget  https://dl.fedoraproject.org/pub/fedora/linux/releases/25/Everything/x86_64/os/Packages/i/info-6.1-3.fc25.x86_64.rpm
wget  https://dl.fedoraproject.org/pub/fedora/linux/releases/25/Everything/x86_64/os/Packages/i/initscripts-9.69-1.fc25.x86_64.rpm
wget  https://dl.fedoraproject.org/pub/fedora/linux/releases/25/Everything/x86_64/os/Packages/i/ipcalc-0.1.8-1.fc25.x86_64.rpm
wget  https://dl.fedoraproject.org/pub/fedora/linux/releases/25/Everything/x86_64/os/Packages/i/iptables-1.6.0-2.fc25.x86_64.rpm
wget  https://dl.fedoraproject.org/pub/fedora/linux/releases/25/Everything/x86_64/os/Packages/i/iptables-libs-1.6.0-2.fc25.x86_64.rpm
wget  https://dl.fedoraproject.org/pub/fedora/linux/releases/25/Everything/x86_64/os/Packages/i/iptables-services-1.6.0-2.fc25.x86_64.rpm
wget  https://dl.fedoraproject.org/pub/fedora/linux/releases/25/Everything/x86_64/os/Packages/i/iscsi-initiator-utils-6.2.0.873-34.git4c1f2d9.fc25.x86_64.rpm
wget  https://dl.fedoraproject.org/pub/fedora/linux/releases/25/Everything/x86_64/os/Packages/i/iscsi-initiator-utils-iscsiuio-6.2.0.873-34.git4c1f2d9.fc25.x86_64.rpm
wget  https://dl.fedoraproject.org/pub/fedora/linux/releases/25/Everything/x86_64/os/Packages/j/jansson-2.9-1.fc25.x86_64.rpm
wget  https://dl.fedoraproject.org/pub/fedora/linux/releases/25/Everything/x86_64/os/Packages/j/json-glib-1.2.2-1.fc25.x86_64.rpm
wget  https://dl.fedoraproject.org/pub/fedora/linux/releases/25/Everything/x86_64/os/Packages/k/keyutils-1.5.9-8.fc24.x86_64.rpm
wget  https://dl.fedoraproject.org/pub/fedora/linux/releases/25/Everything/x86_64/os/Packages/k/keyutils-libs-1.5.9-8.fc24.x86_64.rpm
wget  https://dl.fedoraproject.org/pub/fedora/linux/releases/25/Everything/x86_64/os/Packages/k/kmod-23-1.fc25.x86_64.rpm
wget  https://dl.fedoraproject.org/pub/fedora/linux/releases/25/Everything/x86_64/os/Packages/k/kmod-libs-23-1.fc25.x86_64.rpm
wget  https://dl.fedoraproject.org/pub/fedora/linux/releases/25/Everything/x86_64/os/Packages/k/kpartx-0.4.9-83.fc25.x86_64.rpm
wget  https://dl.fedoraproject.org/pub/fedora/linux/releases/25/Everything/x86_64/os/Packages/k/krb5-libs-1.14.4-4.fc25.x86_64.rpm
wget  https://dl.fedoraproject.org/pub/fedora/linux/releases/25/Everything/x86_64/os/Packages/l/less-481-6.fc25.x86_64.rpm
wget  https://dl.fedoraproject.org/pub/fedora/linux/releases/25/Everything/x86_64/os/Packages/l/libacl-2.2.52-11.fc24.x86_64.rpm
wget  https://dl.fedoraproject.org/pub/fedora/linux/releases/25/Everything/x86_64/os/Packages/l/libaio-0.3.110-6.fc24.x86_64.rpm
wget  https://dl.fedoraproject.org/pub/fedora/linux/releases/25/Everything/x86_64/os/Packages/l/libarchive-3.2.2-1.fc25.x86_64.rpm
wget  https://dl.fedoraproject.org/pub/fedora/linux/releases/25/Everything/x86_64/os/Packages/l/libassuan-2.4.3-1.fc25.x86_64.rpm
wget  https://dl.fedoraproject.org/pub/fedora/linux/releases/25/Everything/x86_64/os/Packages/l/libatomic_ops-7.4.4-1.fc25.x86_64.rpm
wget  https://dl.fedoraproject.org/pub/fedora/linux/releases/25/Everything/x86_64/os/Packages/l/libattr-2.4.47-16.fc24.x86_64.rpm
wget  https://dl.fedoraproject.org/pub/fedora/linux/releases/25/Everything/x86_64/os/Packages/l/libbabeltrace-1.4.0-3.fc25.x86_64.rpm
wget  https://dl.fedoraproject.org/pub/fedora/linux/releases/25/Everything/x86_64/os/Packages/l/libbasicobjects-0.1.1-29.fc25.x86_64.rpm
wget  https://dl.fedoraproject.org/pub/fedora/linux/releases/25/Everything/x86_64/os/Packages/l/libblkid-2.28.2-1.fc25.x86_64.rpm
wget  https://dl.fedoraproject.org/pub/fedora/linux/releases/25/Everything/x86_64/os/Packages/l/libcap-2.25-2.fc25.x86_64.rpm
wget  https://dl.fedoraproject.org/pub/fedora/linux/releases/25/Everything/x86_64/os/Packages/l/libcap-ng-0.7.8-1.fc25.x86_64.rpm
wget  https://dl.fedoraproject.org/pub/fedora/linux/releases/25/Everything/x86_64/os/Packages/l/libcgroup-0.41-9.fc25.x86_64.rpm
wget  https://dl.fedoraproject.org/pub/fedora/linux/releases/25/Everything/x86_64/os/Packages/l/libcollection-0.7.0-29.fc25.x86_64.rpm
wget  https://dl.fedoraproject.org/pub/fedora/linux/releases/25/Everything/x86_64/os/Packages/l/libdaemon-0.14-10.fc24.x86_64.rpm
wget  https://dl.fedoraproject.org/pub/fedora/linux/releases/25/Everything/x86_64/os/Packages/l/libedit-3.1-16.20160618cvs.fc25.x86_64.rpm
wget  https://dl.fedoraproject.org/pub/fedora/linux/releases/25/Everything/x86_64/os/Packages/l/libevent-2.0.22-1.fc25.x86_64.rpm
wget  https://dl.fedoraproject.org/pub/fedora/linux/releases/25/Everything/x86_64/os/Packages/l/libfdisk-2.28.2-1.fc25.x86_64.rpm
wget  https://dl.fedoraproject.org/pub/fedora/linux/releases/25/Everything/x86_64/os/Packages/l/libffi-3.1-9.fc24.x86_64.rpm
wget  https://dl.fedoraproject.org/pub/fedora/linux/releases/25/Everything/x86_64/os/Packages/l/libgcrypt-1.6.6-1.fc25.x86_64.rpm
wget  https://dl.fedoraproject.org/pub/fedora/linux/releases/25/Everything/x86_64/os/Packages/l/libgpg-error-1.24-1.fc25.x86_64.rpm
wget  https://dl.fedoraproject.org/pub/fedora/linux/releases/25/Everything/x86_64/os/Packages/l/libgudev-230-3.fc24.x86_64.rpm
wget  https://dl.fedoraproject.org/pub/fedora/linux/releases/25/Everything/x86_64/os/Packages/l/libidn-1.33-1.fc25.x86_64.rpm
wget  https://dl.fedoraproject.org/pub/fedora/linux/releases/25/Everything/x86_64/os/Packages/l/libini_config-1.3.0-29.fc25.x86_64.rpm
wget  https://dl.fedoraproject.org/pub/fedora/linux/releases/25/Everything/x86_64/os/Packages/l/libksba-1.3.5-1.fc25.x86_64.rpm
wget  https://dl.fedoraproject.org/pub/fedora/linux/releases/25/Everything/x86_64/os/Packages/l/libmnl-1.0.4-1.fc25.x86_64.rpm
wget  https://dl.fedoraproject.org/pub/fedora/linux/releases/25/Everything/x86_64/os/Packages/l/libmodman-2.0.1-12.fc24.x86_64.rpm
wget  https://dl.fedoraproject.org/pub/fedora/linux/releases/25/Everything/x86_64/os/Packages/l/libmount-2.28.2-1.fc25.x86_64.rpm
wget  https://dl.fedoraproject.org/pub/fedora/linux/releases/25/Everything/x86_64/os/Packages/l/libndp-1.6-1.fc25.x86_64.rpm
wget  https://dl.fedoraproject.org/pub/fedora/linux/releases/25/Everything/x86_64/os/Packages/l/libnetfilter_conntrack-1.0.4-6.fc24.x86_64.rpm
wget  https://dl.fedoraproject.org/pub/fedora/linux/releases/25/Everything/x86_64/os/Packages/l/libnetfilter_cthelper-1.0.0-9.fc24.x86_64.rpm
wget  https://dl.fedoraproject.org/pub/fedora/linux/releases/25/Everything/x86_64/os/Packages/l/libnetfilter_cttimeout-1.0.0-7.fc24.x86_64.rpm
wget  https://dl.fedoraproject.org/pub/fedora/linux/releases/25/Everything/x86_64/os/Packages/l/libnetfilter_queue-1.0.2-7.fc24.x86_64.rpm
wget  https://dl.fedoraproject.org/pub/fedora/linux/releases/25/Everything/x86_64/os/Packages/l/libnfnetlink-1.0.1-8.fc24.x86_64.rpm
wget  https://dl.fedoraproject.org/pub/fedora/linux/releases/25/Everything/x86_64/os/Packages/l/libnghttp2-1.13.0-2.fc25.x86_64.rpm
wget  https://dl.fedoraproject.org/pub/fedora/linux/releases/25/Everything/x86_64/os/Packages/l/libpath_utils-0.2.1-29.fc25.x86_64.rpm
wget  https://dl.fedoraproject.org/pub/fedora/linux/releases/25/Everything/x86_64/os/Packages/l/libpcap-14:1.7.4-2.fc24.x86_64.rpm
wget  https://dl.fedoraproject.org/pub/fedora/linux/releases/25/Everything/x86_64/os/Packages/l/libpwquality-1.3.0-6.fc25.x86_64.rpm
wget  https://dl.fedoraproject.org/pub/fedora/linux/releases/25/Everything/x86_64/os/Packages/l/libref_array-0.1.5-29.fc25.x86_64.rpm
wget  https://dl.fedoraproject.org/pub/fedora/linux/releases/25/Everything/x86_64/os/Packages/l/librepo-1.7.18-3.fc25.x86_64.rpm
wget  https://dl.fedoraproject.org/pub/fedora/linux/releases/25/Everything/x86_64/os/Packages/l/libreport-filesystem-2.8.0-1.fc25.x86_64.rpm
wget  https://dl.fedoraproject.org/pub/fedora/linux/releases/25/Everything/x86_64/os/Packages/l/libseccomp-2.3.1-1.fc25.x86_64.rpm
wget  https://dl.fedoraproject.org/pub/fedora/linux/releases/25/Everything/x86_64/os/Packages/l/libsecret-0.18.5-2.fc25.x86_64.rpm
wget  https://dl.fedoraproject.org/pub/fedora/linux/releases/25/Everything/x86_64/os/Packages/l/libsemanage-2.5-8.fc25.x86_64.rpm
wget  https://dl.fedoraproject.org/pub/fedora/linux/releases/25/Everything/x86_64/os/Packages/l/libsemanage-python-2.5-8.fc25.x86_64.rpm
wget  https://dl.fedoraproject.org/pub/fedora/linux/releases/25/Everything/x86_64/os/Packages/l/libsemanage-python3-2.5-8.fc25.x86_64.rpm
wget  https://dl.fedoraproject.org/pub/fedora/linux/releases/25/Everything/x86_64/os/Packages/l/libsepol-2.5-10.fc25.x86_64.rpm
wget  https://dl.fedoraproject.org/pub/fedora/linux/releases/25/Everything/x86_64/os/Packages/l/libsigsegv-2.10-10.fc24.x86_64.rpm
wget  https://dl.fedoraproject.org/pub/fedora/linux/releases/25/Everything/x86_64/os/Packages/l/libsmartcols-2.28.2-1.fc25.x86_64.rpm
wget  https://dl.fedoraproject.org/pub/fedora/linux/releases/25/Everything/x86_64/os/Packages/l/libsoup-2.56.0-2.fc25.x86_64.rpm
wget  https://dl.fedoraproject.org/pub/fedora/linux/releases/25/Everything/x86_64/os/Packages/l/libssh2-1.8.0-1.fc25.x86_64.rpm
wget  https://dl.fedoraproject.org/pub/fedora/linux/releases/25/Everything/x86_64/os/Packages/l/libteam-1.26-1.fc25.x86_64.rpm
wget  https://dl.fedoraproject.org/pub/fedora/linux/releases/25/Everything/x86_64/os/Packages/l/libtirpc-1.0.1-3.rc3.fc25.x86_64.rpm
wget  https://dl.fedoraproject.org/pub/fedora/linux/releases/25/Everything/x86_64/os/Packages/l/libtomcrypt-1.17-29.fc25.x86_64.rpm
wget  https://dl.fedoraproject.org/pub/fedora/linux/releases/25/Everything/x86_64/os/Packages/l/libtommath-1.0-4.fc24.x86_64.rpm
wget  https://dl.fedoraproject.org/pub/fedora/linux/releases/25/Everything/x86_64/os/Packages/l/libunistring-0.9.4-3.fc24.x86_64.rpm
wget  https://dl.fedoraproject.org/pub/fedora/linux/releases/25/Everything/x86_64/os/Packages/l/libunwind-1.1-11.fc24.x86_64.rpm
wget  https://dl.fedoraproject.org/pub/fedora/linux/releases/25/Everything/x86_64/os/Packages/l/libusb-1:0.1.5-7.fc24.x86_64.rpm
wget  https://dl.fedoraproject.org/pub/fedora/linux/releases/25/Everything/x86_64/os/Packages/l/libusbx-1.0.21-1.fc25.x86_64.rpm
wget  https://dl.fedoraproject.org/pub/fedora/linux/releases/25/Everything/x86_64/os/Packages/l/libuser-0.62-4.fc25.x86_64.rpm
wget  https://dl.fedoraproject.org/pub/fedora/linux/releases/25/Everything/x86_64/os/Packages/l/libutempter-1.1.6-8.fc24.x86_64.rpm
wget  https://dl.fedoraproject.org/pub/fedora/linux/releases/25/Everything/x86_64/os/Packages/l/libuuid-2.28.2-1.fc25.x86_64.rpm
wget  https://dl.fedoraproject.org/pub/fedora/linux/releases/25/Everything/x86_64/os/Packages/l/libverto-0.2.6-6.fc24.x86_64.rpm
wget  https://dl.fedoraproject.org/pub/fedora/linux/releases/25/Everything/x86_64/os/Packages/l/libverto-libev-0.2.6-6.fc24.x86_64.rpm
wget  https://dl.fedoraproject.org/pub/fedora/linux/releases/25/Everything/x86_64/os/Packages/l/libxml2-2.9.3-4.fc25.x86_64.rpm
wget  https://dl.fedoraproject.org/pub/fedora/linux/releases/25/Everything/x86_64/os/Packages/l/libyaml-0.1.6-8.fc24.x86_64.rpm
wget  https://dl.fedoraproject.org/pub/fedora/linux/releases/25/Everything/x86_64/os/Packages/l/linux-atm-libs-2.5.1-14.fc24.x86_64.rpm
wget  https://dl.fedoraproject.org/pub/fedora/linux/releases/25/Everything/x86_64/os/Packages/l/lsof-4.89-4.fc25.x86_64.rpm
wget  https://dl.fedoraproject.org/pub/fedora/linux/releases/25/Everything/x86_64/os/Packages/l/lttng-ust-2.8.1-2.fc25.x86_64.rpm
wget  https://dl.fedoraproject.org/pub/fedora/linux/releases/25/Everything/x86_64/os/Packages/l/lzo-2.08-8.fc24.x86_64.rpm
wget  https://dl.fedoraproject.org/pub/fedora/linux/releases/25/Everything/x86_64/os/Packages/m/make-1:4.1-5.fc24.x86_64.rpm
wget  https://dl.fedoraproject.org/pub/fedora/linux/releases/25/Everything/x86_64/os/Packages/m/mdadm-3.4-2.fc25.x86_64.rpm
wget  https://dl.fedoraproject.org/pub/fedora/linux/releases/25/Everything/x86_64/os/Packages/m/mokutil-1:0.3.0-3.fc25.x86_64.rpm
wget  https://dl.fedoraproject.org/pub/fedora/linux/releases/25/Everything/x86_64/os/Packages/m/mozjs17-17.0.0-16.fc25.x86_64.rpm
wget  https://dl.fedoraproject.org/pub/fedora/linux/releases/25/Everything/x86_64/os/Packages/m/mpfr-3.1.5-1.fc25.x86_64.rpm
wget  https://dl.fedoraproject.org/pub/fedora/linux/releases/25/Everything/x86_64/os/Packages/n/ncurses-6.0-6.20160709.fc25.x86_64.rpm
wget  https://dl.fedoraproject.org/pub/fedora/linux/releases/25/Everything/x86_64/os/Packages/n/ncurses-base-6.0-6.20160709.fc25.noarch.rpm
wget  https://dl.fedoraproject.org/pub/fedora/linux/releases/25/Everything/x86_64/os/Packages/n/ncurses-libs-6.0-6.20160709.fc25.x86_64.rpm
wget  https://dl.fedoraproject.org/pub/fedora/linux/releases/25/Everything/x86_64/os/Packages/n/nettle-3.3-1.fc25.x86_64.rpm
wget  https://dl.fedoraproject.org/pub/fedora/linux/releases/25/Everything/x86_64/os/Packages/n/newt-0.52.19-2.fc25.x86_64.rpm
wget  https://dl.fedoraproject.org/pub/fedora/linux/releases/25/Everything/x86_64/os/Packages/n/newt-python3-0.52.19-2.fc25.x86_64.rpm
wget  https://dl.fedoraproject.org/pub/fedora/linux/releases/25/Everything/x86_64/os/Packages/n/nspr-4.13.1-1.fc25.x86_64.rpm
wget  https://dl.fedoraproject.org/pub/fedora/linux/releases/25/Everything/x86_64/os/Packages/n/nss-altfiles-2.18.1-7.fc24.x86_64.rpm
wget  https://dl.fedoraproject.org/pub/fedora/linux/releases/25/Everything/x86_64/os/Packages/n/nss-pem-1.0.2-2.fc25.x86_64.rpm
wget  https://dl.fedoraproject.org/pub/fedora/linux/releases/25/Everything/x86_64/os/Packages/o/oci-register-machine-0-2.7.gitbb20b00.fc25.x86_64.rpm
wget  https://dl.fedoraproject.org/pub/fedora/linux/releases/25/Everything/x86_64/os/Packages/o/oddjob-0.34.3-2.fc24.x86_64.rpm
wget  https://dl.fedoraproject.org/pub/fedora/linux/releases/25/Everything/x86_64/os/Packages/o/oddjob-mkhomedir-0.34.3-2.fc24.x86_64.rpm
wget  https://dl.fedoraproject.org/pub/fedora/linux/releases/25/Everything/x86_64/os/Packages/o/os-prober-1.71-1.fc25.x86_64.rpm
wget  https://dl.fedoraproject.org/pub/fedora/linux/releases/25/Everything/x86_64/os/Packages/p/p11-kit-0.23.2-2.fc24.x86_64.rpm
wget  https://dl.fedoraproject.org/pub/fedora/linux/releases/25/Everything/x86_64/os/Packages/p/p11-kit-trust-0.23.2-2.fc24.x86_64.rpm
wget  https://dl.fedoraproject.org/pub/fedora/linux/releases/25/Everything/x86_64/os/Packages/p/pam-1.3.0-1.fc25.x86_64.rpm
wget  https://dl.fedoraproject.org/pub/fedora/linux/releases/25/Everything/x86_64/os/Packages/p/passwd-0.79-8.fc24.x86_64.rpm
wget  https://dl.fedoraproject.org/pub/fedora/linux/releases/25/Everything/x86_64/os/Packages/p/pinentry-0.9.7-2.fc24.x86_64.rpm
wget  https://dl.fedoraproject.org/pub/fedora/linux/releases/25/Everything/x86_64/os/Packages/p/pkgconfig-1:0.29.1-1.fc25.x86_64.rpm
wget  https://dl.fedoraproject.org/pub/fedora/linux/releases/25/Everything/x86_64/os/Packages/p/plymouth-0.9.3-0.6.20160620git0e65b86c.fc25.x86_64.rpm
wget  https://dl.fedoraproject.org/pub/fedora/linux/releases/25/Everything/x86_64/os/Packages/p/plymouth-core-libs-0.9.3-0.6.20160620git0e65b86c.fc25.x86_64.rpm
wget  https://dl.fedoraproject.org/pub/fedora/linux/releases/25/Everything/x86_64/os/Packages/p/plymouth-scripts-0.9.3-0.6.20160620git0e65b86c.fc25.x86_64.rpm
wget  https://dl.fedoraproject.org/pub/fedora/linux/releases/25/Everything/x86_64/os/Packages/p/polkit-0.113-5.fc24.x86_64.rpm
wget  https://dl.fedoraproject.org/pub/fedora/linux/releases/25/Everything/x86_64/os/Packages/p/polkit-libs-0.113-5.fc24.x86_64.rpm
wget  https://dl.fedoraproject.org/pub/fedora/linux/releases/25/Everything/x86_64/os/Packages/p/polkit-pkla-compat-0.1-7.fc24.x86_64.rpm
wget  https://dl.fedoraproject.org/pub/fedora/linux/releases/25/Everything/x86_64/os/Packages/p/popt-1.16-7.fc24.x86_64.rpm
wget  https://dl.fedoraproject.org/pub/fedora/linux/releases/25/Everything/x86_64/os/Packages/p/ppp-2.4.7-9.fc24.x86_64.rpm
wget  https://dl.fedoraproject.org/pub/fedora/linux/releases/25/Everything/x86_64/os/Packages/p/procps-ng-3.3.10-11.fc24.x86_64.rpm
wget  https://dl.fedoraproject.org/pub/fedora/linux/releases/25/Everything/x86_64/os/Packages/p/protobuf-c-1.2.1-1.fc25.x86_64.rpm
wget  https://dl.fedoraproject.org/pub/fedora/linux/releases/25/Everything/x86_64/os/Packages/p/psmisc-22.21-8.fc24.x86_64.rpm
wget  https://dl.fedoraproject.org/pub/fedora/linux/releases/25/Everything/x86_64/os/Packages/p/python-IPy-0.81-16.fc25.noarch.rpm
wget  https://dl.fedoraproject.org/pub/fedora/linux/releases/25/Everything/x86_64/os/Packages/p/python-IPy-python3-0.81-16.fc25.noarch.rpm
wget  https://dl.fedoraproject.org/pub/fedora/linux/releases/25/Everything/x86_64/os/Packages/p/python-backports-1.0-8.fc25.x86_64.rpm
wget  https://dl.fedoraproject.org/pub/fedora/linux/releases/25/Everything/x86_64/os/Packages/p/python-backports-ssl_match_hostname-3.5.0.1-3.fc25.noarch.rpm
wget  https://dl.fedoraproject.org/pub/fedora/linux/releases/25/Everything/x86_64/os/Packages/p/python-chardet-2.3.0-1.fc25.noarch.rpm
wget  https://dl.fedoraproject.org/pub/fedora/linux/releases/25/Everything/x86_64/os/Packages/p/python-ipaddress-1.0.16-3.fc25.noarch.rpm
wget  https://dl.fedoraproject.org/pub/fedora/linux/releases/25/Everything/x86_64/os/Packages/p/python-pip-8.1.2-2.fc25.noarch.rpm
wget  https://dl.fedoraproject.org/pub/fedora/linux/releases/25/Everything/x86_64/os/Packages/p/python-six-1.10.0-3.fc25.noarch.rpm
wget  https://dl.fedoraproject.org/pub/fedora/linux/releases/25/Everything/x86_64/os/Packages/p/python-websocket-client-0.37.0-2.fc25.noarch.rpm
wget  https://dl.fedoraproject.org/pub/fedora/linux/releases/25/Everything/x86_64/os/Packages/p/python2-docker-pycreds-0.2.1-2.fc25.noarch.rpm
wget  https://dl.fedoraproject.org/pub/fedora/linux/releases/25/Everything/x86_64/os/Packages/p/python2-pysocks-1.5.6-5.fc25.noarch.rpm
wget  https://dl.fedoraproject.org/pub/fedora/linux/releases/25/Everything/x86_64/os/Packages/p/python2-requests-2.10.0-4.fc25.noarch.rpm
wget  https://dl.fedoraproject.org/pub/fedora/linux/releases/25/Everything/x86_64/os/Packages/p/python2-setuptools-25.1.1-1.fc25.noarch.rpm
wget  https://dl.fedoraproject.org/pub/fedora/linux/releases/25/Everything/x86_64/os/Packages/p/python2-urllib3-1.15.1-3.fc25.noarch.rpm
wget  https://dl.fedoraproject.org/pub/fedora/linux/releases/25/Everything/x86_64/os/Packages/p/python3-3.5.2-4.fc25.x86_64.rpm
wget  https://dl.fedoraproject.org/pub/fedora/linux/releases/25/Everything/x86_64/os/Packages/p/python3-PyYAML-3.11-13.fc25.x86_64.rpm
wget  https://dl.fedoraproject.org/pub/fedora/linux/releases/25/Everything/x86_64/os/Packages/p/python3-chardet-2.3.0-1.fc25.noarch.rpm
wget  https://dl.fedoraproject.org/pub/fedora/linux/releases/25/Everything/x86_64/os/Packages/p/python3-configobj-5.0.6-5.fc25.noarch.rpm
wget  https://dl.fedoraproject.org/pub/fedora/linux/releases/25/Everything/x86_64/os/Packages/p/python3-dbus-1.2.4-2.fc25.x86_64.rpm
wget  https://dl.fedoraproject.org/pub/fedora/linux/releases/25/Everything/x86_64/os/Packages/p/python3-docker-pycreds-0.2.1-2.fc25.noarch.rpm
wget  https://dl.fedoraproject.org/pub/fedora/linux/releases/25/Everything/x86_64/os/Packages/p/python3-gobject-base-3.22.0-1.fc25.x86_64.rpm
wget  https://dl.fedoraproject.org/pub/fedora/linux/releases/25/Everything/x86_64/os/Packages/p/python3-jsonpatch-1.2-9.fc25.noarch.rpm
wget  https://dl.fedoraproject.org/pub/fedora/linux/releases/25/Everything/x86_64/os/Packages/p/python3-jsonpointer-1.10-3.fc25.noarch.rpm
wget  https://dl.fedoraproject.org/pub/fedora/linux/releases/25/Everything/x86_64/os/Packages/p/python3-libs-3.5.2-4.fc25.x86_64.rpm
wget  https://dl.fedoraproject.org/pub/fedora/linux/releases/25/Everything/x86_64/os/Packages/p/python3-libxml2-2.9.3-4.fc25.x86_64.rpm
wget  https://dl.fedoraproject.org/pub/fedora/linux/releases/25/Everything/x86_64/os/Packages/p/python3-markupsafe-0.23-10.fc25.x86_64.rpm
wget  https://dl.fedoraproject.org/pub/fedora/linux/releases/25/Everything/x86_64/os/Packages/p/python3-oauthlib-1.0.3-3.fc25.noarch.rpm
wget  https://dl.fedoraproject.org/pub/fedora/linux/releases/25/Everything/x86_64/os/Packages/p/python3-pip-8.1.2-2.fc25.noarch.rpm
wget  https://dl.fedoraproject.org/pub/fedora/linux/releases/25/Everything/x86_64/os/Packages/p/python3-prettytable-0.7.2-8.fc25.noarch.rpm
wget  https://dl.fedoraproject.org/pub/fedora/linux/releases/25/Everything/x86_64/os/Packages/p/python3-pyserial-3.1.1-1.fc25.noarch.rpm
wget  https://dl.fedoraproject.org/pub/fedora/linux/releases/25/Everything/x86_64/os/Packages/p/python3-pysocks-1.5.6-5.fc25.noarch.rpm
wget  https://dl.fedoraproject.org/pub/fedora/linux/releases/25/Everything/x86_64/os/Packages/p/python3-requests-2.10.0-4.fc25.noarch.rpm
wget  https://dl.fedoraproject.org/pub/fedora/linux/releases/25/Everything/x86_64/os/Packages/p/python3-setuptools-25.1.1-1.fc25.noarch.rpm
wget  https://dl.fedoraproject.org/pub/fedora/linux/releases/25/Everything/x86_64/os/Packages/p/python3-six-1.10.0-3.fc25.noarch.rpm
wget  https://dl.fedoraproject.org/pub/fedora/linux/releases/25/Everything/x86_64/os/Packages/p/python3-slip-0.6.4-4.fc25.noarch.rpm
wget  https://dl.fedoraproject.org/pub/fedora/linux/releases/25/Everything/x86_64/os/Packages/p/python3-slip-dbus-0.6.4-4.fc25.noarch.rpm
wget  https://dl.fedoraproject.org/pub/fedora/linux/releases/25/Everything/x86_64/os/Packages/p/python3-urllib3-1.15.1-3.fc25.noarch.rpm
wget  https://dl.fedoraproject.org/pub/fedora/linux/releases/25/Everything/x86_64/os/Packages/p/python3-websocket-client-0.37.0-2.fc25.noarch.rpm
wget  https://dl.fedoraproject.org/pub/fedora/linux/releases/25/Everything/x86_64/os/Packages/q/qrencode-libs-3.4.2-6.fc24.x86_64.rpm
wget  https://dl.fedoraproject.org/pub/fedora/linux/releases/25/Everything/x86_64/os/Packages/r/readline-6.3-8.fc24.x86_64.rpm
wget  https://dl.fedoraproject.org/pub/fedora/linux/releases/25/Everything/x86_64/os/Packages/r/rootfiles-8.1-19.fc24.noarch.rpm
wget  https://dl.fedoraproject.org/pub/fedora/linux/releases/25/Everything/x86_64/os/Packages/r/rsync-3.1.2-2.fc24.x86_64.rpm
wget  https://dl.fedoraproject.org/pub/fedora/linux/releases/25/Everything/x86_64/os/Packages/s/sed-4.2.2-15.fc24.x86_64.rpm
wget  https://dl.fedoraproject.org/pub/fedora/linux/releases/25/Everything/x86_64/os/Packages/s/setools-console-3.3.8-12.fc25.x86_64.rpm
wget  https://dl.fedoraproject.org/pub/fedora/linux/releases/25/Everything/x86_64/os/Packages/s/setools-libs-3.3.8-12.fc25.x86_64.rpm
wget  https://dl.fedoraproject.org/pub/fedora/linux/releases/25/Everything/x86_64/os/Packages/s/setup-2.10.4-1.fc25.noarch.rpm
wget  https://dl.fedoraproject.org/pub/fedora/linux/releases/25/Everything/x86_64/os/Packages/s/shadow-utils-2:4.2.1-11.fc25.x86_64.rpm
wget  https://dl.fedoraproject.org/pub/fedora/linux/releases/25/Everything/x86_64/os/Packages/s/shim-0.8-10.x86_64.rpm
wget  https://dl.fedoraproject.org/pub/fedora/linux/releases/25/Everything/x86_64/os/Packages/s/sos-3.2-4.fc25.noarch.rpm
wget  https://dl.fedoraproject.org/pub/fedora/linux/releases/25/Everything/x86_64/os/Packages/s/sqlite-3.14.2-1.fc25.x86_64.rpm
wget  https://dl.fedoraproject.org/pub/fedora/linux/releases/25/Everything/x86_64/os/Packages/s/sqlite-libs-3.14.2-1.fc25.x86_64.rpm
wget  https://dl.fedoraproject.org/pub/fedora/linux/releases/25/Everything/x86_64/os/Packages/s/system-python-3.5.2-4.fc25.x86_64.rpm
wget  https://dl.fedoraproject.org/pub/fedora/linux/releases/25/Everything/x86_64/os/Packages/s/system-python-libs-3.5.2-4.fc25.x86_64.rpm
wget  https://dl.fedoraproject.org/pub/fedora/linux/releases/25/Everything/x86_64/os/Packages/s/systemd-bootchart-231-2.fc25.x86_64.rpm
wget  https://dl.fedoraproject.org/pub/fedora/linux/releases/25/Everything/x86_64/os/Packages/t/tcp_wrappers-7.6-83.fc25.x86_64.rpm
wget  https://dl.fedoraproject.org/pub/fedora/linux/releases/25/Everything/x86_64/os/Packages/t/tcp_wrappers-libs-7.6-83.fc25.x86_64.rpm
wget  https://dl.fedoraproject.org/pub/fedora/linux/releases/25/Everything/x86_64/os/Packages/t/teamd-1.26-1.fc25.x86_6.rpm
wget  https://dl.fedoraproject.org/pub/fedora/linux/releases/25/Everything/x86_64/os/Packages/t/timedatex-0.4-2.fc24.x86_64.rpm
wget  https://dl.fedoraproject.org/pub/fedora/linux/releases/25/Everything/x86_64/os/Packages/t/tmux-2.2-3.fc25.x86_64.rpm
wget  https://dl.fedoraproject.org/pub/fedora/linux/releases/25/Everything/x86_64/os/Packages/t/trousers-0.3.13-6.fc24.x86_64.rpm
wget  https://dl.fedoraproject.org/pub/fedora/linux/releases/25/Everything/x86_64/os/Packages/t/trousers-lib-0.3.13-6.fc24.x86_64.rpm
wget  https://dl.fedoraproject.org/pub/fedora/linux/releases/25/Everything/x86_64/os/Packages/u/userspace-rcu-0.9.2-2.fc25.x86_64.rpm
wget  https://dl.fedoraproject.org/pub/fedora/linux/releases/25/Everything/x86_64/os/Packages/u/ustr-1.0.4-21.fc24.x86_64.rpm
wget  https://dl.fedoraproject.org/pub/fedora/linux/releases/25/Everything/x86_64/os/Packages/u/util-linux-2.28.2-1.fc25.x86_64.rpm
wget  https://dl.fedoraproject.org/pub/fedora/linux/releases/25/Everything/x86_64/os/Packages/w/which-2.21-1.fc25.x86_64.rpm
wget  https://dl.fedoraproject.org/pub/fedora/linux/releases/25/Everything/x86_64/os/Packages/x/xz-5.2.2-2.fc24.x86_64.rpm
wget  https://dl.fedoraproject.org/pub/fedora/linux/releases/25/Everything/x86_64/os/Packages/x/xz-libs-5.2.2-2.fc24.x86_64.rpm
wget  https://dl.fedoraproject.org/pub/fedora/linux/releases/25/Everything/x86_64/os/Packages/y/yajl-2.1.0-5.fc24.x86_64.rpm
wget  https://dl.fedoraproject.org/pub/fedora/linux/releases/25/Everything/x86_64/os/Packages/z/zlib-1.2.8-10.fc24.x86_64.rpm

wget  https://dl.fedoraproject.org/pub/fedora/linux/releases/25/Everything/x86_64/os/Packages/f/findutils-4.6.0-8.fc25.x86_64.rpm
wget  https://dl.fedoraproject.org/pub/fedora/linux/releases/25/Everything/x86_64/os/Packages/g/gmp-6.1.1-1.fc25.x86_64.rpm
wget  https://dl.fedoraproject.org/pub/fedora/linux/releases/25/Everything/x86_64/os/Packages/h/hardlink-1.1-1.fc25.x86_64.rpm
wget  https://dl.fedoraproject.org/pub/fedora/linux/releases/25/Everything/x86_64/os/Packages/l/libusb-0.1.5-7.fc24.x86_64.rpm
wget  https://dl.fedoraproject.org/pub/fedora/linux/releases/25/Everything/x86_64/os/Packages/m/make-4.1-5.fc24.x86_64.rpm
wget  https://dl.fedoraproject.org/pub/fedora/linux/releases/25/Everything/x86_64/os/Packages/m/mokutil-0.3.0-3.fc25.x86_64.rpm
wget  https://dl.fedoraproject.org/pub/fedora/linux/releases/25/Everything/x86_64/os/Packages/p/pkgconfig-0.29.1-1.fc25.x86_64.rpm
wget  https://dl.fedoraproject.org/pub/fedora/linux/releases/25/Everything/x86_64/os/Packages/d/dhcp-client-4.3.5-1.fc25.x86_64.rpm
wget  https://dl.fedoraproject.org/pub/fedora/linux/releases/25/Everything/x86_64/os/Packages/d/dhcp-common-4.3.5-1.fc25.noarch.rpm
wget  https://dl.fedoraproject.org/pub/fedora/linux/releases/25/Everything/x86_64/os/Packages/d/dhcp-libs-4.3.5-1.fc25.x86_64.rpm
wget  https://dl.fedoraproject.org/pub/fedora/linux/releases/25/Everything/x86_64/os/Packages/s/shadow-utils-4.2.1-11.fc25.x86_64.rpm
