wget https://dl.fedoraproject.org/pub/fedora/linux/updates/25/x86_64/n/NetworkManager-1.4.4-3.fc25.x86_64.rpm
wget https://dl.fedoraproject.org/pub/fedora/linux/updates/25/x86_64/n/NetworkManager-libnm-1.4.4-3.fc25.x86_64.rpm
wget https://dl.fedoraproject.org/pub/fedora/linux/updates/25/x86_64/n/NetworkManager-team-1.4.4-3.fc25.x86_64.rpm
wget https://dl.fedoraproject.org/pub/fedora/linux/updates/25/x86_64/a/atomic-1.15.1-1.fc25.x86_64.rpm
wget https://dl.fedoraproject.org/pub/fedora/linux/updates/25/x86_64/a/audit-2.7.1-1.fc25.x86_64.rpm
wget https://dl.fedoraproject.org/pub/fedora/linux/updates/25/x86_64/a/audit-libs-2.7.1-1.fc25.x86_64.rpm
wget https://dl.fedoraproject.org/pub/fedora/linux/updates/25/x86_64/a/audit-libs-python-2.7.1-1.fc25.x86_64.rpm
wget https://dl.fedoraproject.org/pub/fedora/linux/updates/25/x86_64/a/audit-libs-python3-2.7.1-1.fc25.x86_64.rpm
wget https://dl.fedoraproject.org/pub/fedora/linux/updates/25/x86_64/b/bash-completion-2.5-1.fc25.noarch.rpm
wget https://dl.fedoraproject.org/pub/fedora/linux/updates/25/x86_64/b/bind99-libs-9.9.9-4.P5.fc25.x86_64.rpm
wget https://dl.fedoraproject.org/pub/fedora/linux/updates/25/x86_64/b/bind99-license-9.9.9-4.P5.fc25.noarch.rpm
wget https://dl.fedoraproject.org/pub/fedora/linux/updates/25/x86_64/b/boost-iostreams-1.60.0-10.fc25.x86_64.rpm
wget https://dl.fedoraproject.org/pub/fedora/linux/updates/25/x86_64/b/boost-program-options-1.60.0-10.fc25.x86_64.rpm
wget https://dl.fedoraproject.org/pub/fedora/linux/updates/25/x86_64/b/boost-random-1.60.0-10.fc25.x86_64.rpm
wget https://dl.fedoraproject.org/pub/fedora/linux/updates/25/x86_64/b/boost-regex-1.60.0-10.fc25.x86_64.rpm
wget https://dl.fedoraproject.org/pub/fedora/linux/updates/25/x86_64/b/boost-system-1.60.0-10.fc25.x86_64.rpm
wget https://dl.fedoraproject.org/pub/fedora/linux/updates/25/x86_64/b/boost-thread-1.60.0-10.fc25.x86_64.rpm
wget https://dl.fedoraproject.org/pub/fedora/linux/updates/25/x86_64/b/bubblewrap-0.1.7-1.fc25.x86_64.rpm
wget https://dl.fedoraproject.org/pub/fedora/linux/updates/25/x86_64/b/bzip2-1.0.6-21.fc25.x86_64.rpm
wget https://dl.fedoraproject.org/pub/fedora/linux/updates/25/x86_64/b/bzip2-libs-1.0.6-21.fc25.x86_64.rpm
wget https://dl.fedoraproject.org/pub/fedora/linux/updates/25/x86_64/c/ca-certificates-2017.2.11-1.0.fc25.noarch.rpm
wget https://dl.fedoraproject.org/pub/fedora/linux/updates/25/x86_64/c/ceph-common-1:10.2.4-2.fc25.x86_64.rpm
wget https://dl.fedoraproject.org/pub/fedora/linux/updates/25/x86_64/c/chrony-2.4.1-1.fc25.x86_64.rpm
wget https://dl.fedoraproject.org/pub/fedora/linux/updates/25/x86_64/c/cloud-init-0.7.8-5.fc25.noarch.rpm
wget https://dl.fedoraproject.org/pub/fedora/linux/updates/25/x86_64/c/cockpit-bridge-130-1.fc25.x86_64.rpm
wget https://dl.fedoraproject.org/pub/fedora/linux/updates/25/x86_64/c/cockpit-docker-130-1.fc25.x86_64.rpm
wget https://dl.fedoraproject.org/pub/fedora/linux/updates/25/x86_64/c/cockpit-networkmanager-130-1.fc25.noarch.rpm
wget https://dl.fedoraproject.org/pub/fedora/linux/updates/25/x86_64/c/cockpit-ostree-130-1.fc25.x86_64.rpm
wget https://dl.fedoraproject.org/pub/fedora/linux/updates/25/x86_64/c/cockpit-system-130-1.fc25.noarch.rpm
wget https://dl.fedoraproject.org/pub/fedora/linux/updates/25/x86_64/c/container-selinux-2:2.5-1.fc25.noarch.rpm
wget https://dl.fedoraproject.org/pub/fedora/linux/updates/25/x86_64/c/coreutils-8.25-15.fc25.x86_64.rpm
wget https://dl.fedoraproject.org/pub/fedora/linux/updates/25/x86_64/c/coreutils-common-8.25-15.fc25.x86_64.rpm
wget https://dl.fedoraproject.org/pub/fedora/linux/updates/25/x86_64/c/cracklib-2.9.6-4.fc25.x86_64.rpm
wget https://dl.fedoraproject.org/pub/fedora/linux/updates/25/x86_64/c/cracklib-dicts-2.9.6-4.fc25.x86_64.rpm
wget https://dl.fedoraproject.org/pub/fedora/linux/updates/25/x86_64/c/criu-2.9-1.fc25.x86_64.rpm
wget https://dl.fedoraproject.org/pub/fedora/linux/updates/25/x86_64/c/curl-7.51.0-4.fc25.x86_64.rpm
wget https://dl.fedoraproject.org/pub/fedora/linux/updates/25/x86_64/d/dbus-1:1.11.8-1.fc25.x86_64.rpm
wget https://dl.fedoraproject.org/pub/fedora/linux/updates/25/x86_64/d/dbus-libs-1:1.11.8-1.fc25.x86_64.rpm
wget https://dl.fedoraproject.org/pub/fedora/linux/updates/25/x86_64/d/device-mapper-1.02.136-3.fc25.x86_64.rpm
wget https://dl.fedoraproject.org/pub/fedora/linux/updates/25/x86_64/d/device-mapper-event-1.02.136-3.fc25.x86_64.rpm
wget https://dl.fedoraproject.org/pub/fedora/linux/updates/25/x86_64/d/device-mapper-event-libs-1.02.136-3.fc25.x86_64.rpm
wget https://dl.fedoraproject.org/pub/fedora/linux/updates/25/x86_64/d/device-mapper-libs-1.02.136-3.fc25.x86_64.rpm
wget https://dl.fedoraproject.org/pub/fedora/linux/updates/25/x86_64/d/dnsmasq-2.76-2.fc25.x86_64.rpm
wget https://dl.fedoraproject.org/pub/fedora/linux/updates/25/x86_64/d/docker-2:1.12.6-6.gitae7d637.fc25.x86_64.rpm
wget https://dl.fedoraproject.org/pub/fedora/linux/updates/25/x86_64/d/docker-common-2:1.12.6-6.gitae7d637.fc25.x86_64.rpm
wget https://dl.fedoraproject.org/pub/fedora/linux/updates/25/x86_64/d/dracut-044-78.fc25.x86_64.rpm
wget https://dl.fedoraproject.org/pub/fedora/linux/updates/25/x86_64/d/dracut-config-generic-044-78.fc25.x86_64.rpm
wget https://dl.fedoraproject.org/pub/fedora/linux/updates/25/x86_64/d/dracut-network-044-78.fc25.x86_64.rpm
wget https://dl.fedoraproject.org/pub/fedora/linux/updates/25/x86_64/e/e2fsprogs-1.43.3-1.fc25.x86_64.rpm
wget https://dl.fedoraproject.org/pub/fedora/linux/updates/25/x86_64/e/e2fsprogs-libs-1.43.3-1.fc25.x86_64.rpm
wget https://dl.fedoraproject.org/pub/fedora/linux/updates/25/x86_64/e/elfutils-default-yama-scope-0.168-1.fc25.noarch.rpm
wget https://dl.fedoraproject.org/pub/fedora/linux/updates/25/x86_64/e/elfutils-libelf-0.168-1.fc25.x86_64.rpm
wget https://dl.fedoraproject.org/pub/fedora/linux/updates/25/x86_64/e/elfutils-libs-0.168-1.fc25.x86_64.rpm
wget https://dl.fedoraproject.org/pub/fedora/linux/updates/25/x86_64/e/emacs-filesystem-1:25.1-3.fc25.noarch.rpm
wget https://dl.fedoraproject.org/pub/fedora/linux/updates/25/x86_64/e/etcd-3.0.17-1.fc25.x86_64.rpm
wget https://dl.fedoraproject.org/pub/fedora/linux/updates/25/x86_64/f/flannel-0.7.0-2.fc25.x86_64.rpm
wget https://dl.fedoraproject.org/pub/fedora/linux/updates/25/x86_64/g/gettext-0.19.8.1-3.fc25.x86_64.rpm
wget https://dl.fedoraproject.org/pub/fedora/linux/updates/25/x86_64/g/gettext-libs-0.19.8.1-3.fc25.x86_64.rpm
wget https://dl.fedoraproject.org/pub/fedora/linux/updates/25/x86_64/g/glib2-2.50.2-1.fc25.x86_64.rpm
wget https://dl.fedoraproject.org/pub/fedora/linux/updates/25/x86_64/g/glibc-2.24-4.fc25.x86_64.rpm
wget https://dl.fedoraproject.org/pub/fedora/linux/updates/25/x86_64/g/glibc-all-langpacks-2.24-4.fc25.x86_64.rpm
wget https://dl.fedoraproject.org/pub/fedora/linux/updates/25/x86_64/g/glibc-common-2.24-4.fc25.x86_64.rpm
wget https://dl.fedoraproject.org/pub/fedora/linux/updates/25/x86_64/g/glusterfs-3.9.1-1.fc25.x86_64.rpm
wget https://dl.fedoraproject.org/pub/fedora/linux/updates/25/x86_64/g/glusterfs-client-xlators-3.9.1-1.fc25.x86_64.rpm
wget https://dl.fedoraproject.org/pub/fedora/linux/updates/25/x86_64/g/glusterfs-fuse-3.9.1-1.fc25.x86_64.rpm
wget https://dl.fedoraproject.org/pub/fedora/linux/updates/25/x86_64/g/glusterfs-libs-3.9.1-1.fc25.x86_64.rpm
wget https://dl.fedoraproject.org/pub/fedora/linux/updates/25/x86_64/g/gnutls-3.5.8-2.fc25.x86_64.rpm
wget https://dl.fedoraproject.org/pub/fedora/linux/updates/25/x86_64/g/gomtree-0.3.0-1.fc25.x86_64.rpm
wget https://dl.fedoraproject.org/pub/fedora/linux/updates/25/x86_64/g/gpgme-1.8.0-10.fc25.x86_64.rpm
wget https://dl.fedoraproject.org/pub/fedora/linux/updates/25/x86_64/g/grep-2.27-1.fc25.x86_64.rpm
wget https://dl.fedoraproject.org/pub/fedora/linux/updates/25/x86_64/g/grub2-1:2.02-0.38.fc25.x86_64.rpm
wget https://dl.fedoraproject.org/pub/fedora/linux/updates/25/x86_64/g/grub2-efi-1:2.02-0.38.fc25.x86_64.rpm
wget https://dl.fedoraproject.org/pub/fedora/linux/updates/25/x86_64/g/grub2-tools-1:2.02-0.38.fc25.x86_64.rpm
wget https://dl.fedoraproject.org/pub/fedora/linux/updates/25/x86_64/g/gssproxy-0.6.1-2.fc25.x86_64.rpm
wget https://dl.fedoraproject.org/pub/fedora/linux/updates/25/x86_64/i/iproute-4.6.0-6.fc25.x86_64.rpm
wget https://dl.fedoraproject.org/pub/fedora/linux/updates/25/x86_64/i/iproute-tc-4.6.0-6.fc25.x86_64.rpm
wget https://dl.fedoraproject.org/pub/fedora/linux/updates/25/x86_64/i/iputils-20161105-1.fc25.x86_64.rpm
wget https://dl.fedoraproject.org/pub/fedora/linux/updates/25/x86_64/k/kernel-4.9.9-200.fc25.x86_64.rpm
wget https://dl.fedoraproject.org/pub/fedora/linux/updates/25/x86_64/k/kernel-core-4.9.9-200.fc25.x86_64.rpm
wget https://dl.fedoraproject.org/pub/fedora/linux/updates/25/x86_64/k/kernel-modules-4.9.9-200.fc25.x86_64.rpm
wget https://dl.fedoraproject.org/pub/fedora/linux/updates/25/x86_64/k/kubernetes-1.5.2-2.fc25.x86_64.rpm
wget https://dl.fedoraproject.org/pub/fedora/linux/updates/25/x86_64/k/kubernetes-client-1.5.2-2.fc25.x86_64.rpm
wget https://dl.fedoraproject.org/pub/fedora/linux/updates/25/x86_64/k/kubernetes-master-1.5.2-2.fc25.x86_64.rpm
wget https://dl.fedoraproject.org/pub/fedora/linux/updates/25/x86_64/k/kubernetes-node-1.5.2-2.fc25.x86_64.rpm
wget https://dl.fedoraproject.org/pub/fedora/linux/updates/25/x86_64/l/libcephfs1-1:10.2.4-2.fc25.x86_64.rpm
wget https://dl.fedoraproject.org/pub/fedora/linux/updates/25/x86_64/l/libcom_err-1.43.3-1.fc25.x86_64.rpm
wget https://dl.fedoraproject.org/pub/fedora/linux/updates/25/x86_64/l/libcroco-0.6.11-3.fc25.x86_64.rpm
wget https://dl.fedoraproject.org/pub/fedora/linux/updates/25/x86_64/l/libcrypt-nss-2.24-4.fc25.x86_64.rpm
wget https://dl.fedoraproject.org/pub/fedora/linux/updates/25/x86_64/l/libcurl-7.51.0-4.fc25.x86_64.rpm
wget https://dl.fedoraproject.org/pub/fedora/linux/updates/25/x86_64/l/libdb-5.3.28-16.fc25.x86_64.rpm
wget https://dl.fedoraproject.org/pub/fedora/linux/updates/25/x86_64/l/libdb-utils-5.3.28-16.fc25.x86_64.rpm
wget https://dl.fedoraproject.org/pub/fedora/linux/updates/25/x86_64/l/libev-4.24-1.fc25.x86_64.rpm
wget https://dl.fedoraproject.org/pub/fedora/linux/updates/25/x86_64/l/libgcc-6.3.1-1.fc25.x86_64.rpm
wget https://dl.fedoraproject.org/pub/fedora/linux/updates/25/x86_64/l/libgomp-6.3.1-1.fc25.x86_64.rpm
wget https://dl.fedoraproject.org/pub/fedora/linux/updates/25/x86_64/l/libicu-57.1-4.fc25.x86_64.rpm
wget https://dl.fedoraproject.org/pub/fedora/linux/updates/25/x86_64/l/libidn2-0.16-1.fc25.x86_64.rpm
wget https://dl.fedoraproject.org/pub/fedora/linux/updates/25/x86_64/l/libmetalink-0.1.3-1.fc25.x86_64.rpm
wget https://dl.fedoraproject.org/pub/fedora/linux/updates/25/x86_64/l/libnfsidmap-0.27-1.fc25.x86_64.rpm
wget https://dl.fedoraproject.org/pub/fedora/linux/updates/25/x86_64/l/libnl3-3.2.29-2.fc25.x86_64.rpm
wget https://dl.fedoraproject.org/pub/fedora/linux/updates/25/x86_64/l/libnl3-cli-3.2.29-2.fc25.x86_64.rpm
wget https://dl.fedoraproject.org/pub/fedora/linux/updates/25/x86_64/l/libpng-2:1.6.27-1.fc25.x86_64.rpm
wget https://dl.fedoraproject.org/pub/fedora/linux/updates/25/x86_64/l/libproxy-0.4.14-1.fc25.x86_64.rpm
wget https://dl.fedoraproject.org/pub/fedora/linux/updates/25/x86_64/l/libpsl-0.17.0-1.fc25.x86_64.rpm
wget https://dl.fedoraproject.org/pub/fedora/linux/updates/25/x86_64/l/librados2-1:10.2.4-2.fc25.x86_64.rpm
wget https://dl.fedoraproject.org/pub/fedora/linux/updates/25/x86_64/l/libradosstriper1-1:10.2.4-2.fc25.x86_64.rpm
wget https://dl.fedoraproject.org/pub/fedora/linux/updates/25/x86_64/l/librbd1-1:10.2.4-2.fc25.x86_64.rpm
wget https://dl.fedoraproject.org/pub/fedora/linux/updates/25/x86_64/l/librgw2-1:10.2.4-2.fc25.x86_64.rpm
wget https://dl.fedoraproject.org/pub/fedora/linux/updates/25/x86_64/l/libselinux-2.5-13.fc25.x86_64.rpm
wget https://dl.fedoraproject.org/pub/fedora/linux/updates/25/x86_64/l/libselinux-python-2.5-13.fc25.x86_64.rpm
wget https://dl.fedoraproject.org/pub/fedora/linux/updates/25/x86_64/l/libselinux-python3-2.5-13.fc25.x86_64.rpm
wget https://dl.fedoraproject.org/pub/fedora/linux/updates/25/x86_64/l/libselinux-utils-2.5-13.fc25.x86_64.rpm
wget https://dl.fedoraproject.org/pub/fedora/linux/updates/25/x86_64/l/libsolv-0.6.25-1.fc25.x86_64.rpm
wget https://dl.fedoraproject.org/pub/fedora/linux/updates/25/x86_64/l/libss-1.43.3-1.fc25.x86_64.rpm
wget https://dl.fedoraproject.org/pub/fedora/linux/updates/25/x86_64/l/libsss_idmap-1.14.2-2.fc25.x86_64.rpm
wget https://dl.fedoraproject.org/pub/fedora/linux/updates/25/x86_64/l/libsss_nss_idmap-1.14.2-2.fc25.x86_64.rpm
wget https://dl.fedoraproject.org/pub/fedora/linux/updates/25/x86_64/l/libsss_sudo-1.14.2-2.fc25.x86_64.rpm
wget https://dl.fedoraproject.org/pub/fedora/linux/updates/25/x86_64/l/libstdc++-6.3.1-1.fc25.x86_64.rpm
wget https://dl.fedoraproject.org/pub/fedora/linux/updates/25/x86_64/l/libtasn1-4.10-1.fc25.x86_64.rpm
wget https://dl.fedoraproject.org/pub/fedora/linux/updates/25/x86_64/l/libtool-ltdl-2.4.6-13.fc25.x86_64.rpm
wget https://dl.fedoraproject.org/pub/fedora/linux/updates/25/x86_64/l/libxkbcommon-0.7.1-1.fc25.x86_64.rpm
wget https://dl.fedoraproject.org/pub/fedora/linux/updates/25/x86_64/l/linux-firmware-20161205-69.git91ddce49.fc25.noarch.rpm
wget https://dl.fedoraproject.org/pub/fedora/linux/updates/25/x86_64/l/lua-libs-5.3.4-1.fc25.x86_64.rpm
wget https://dl.fedoraproject.org/pub/fedora/linux/updates/25/x86_64/l/lvm2-2.02.167-3.fc25.x86_64.rpm
wget https://dl.fedoraproject.org/pub/fedora/linux/updates/25/x86_64/l/lvm2-libs-2.02.167-3.fc25.x86_64.rpm
wget https://dl.fedoraproject.org/pub/fedora/linux/updates/25/x86_64/l/lz4-1.7.5-1.fc25.x86_64.rpm
wget https://dl.fedoraproject.org/pub/fedora/linux/updates/25/x86_64/n/net-tools-2.0-0.40.20160329git.fc25.x86_64.rpm
wget https://dl.fedoraproject.org/pub/fedora/linux/updates/25/x86_64/n/nfs-utils-1:2.1.1-1.fc25.x86_64.rpm
wget https://dl.fedoraproject.org/pub/fedora/linux/updates/25/x86_64/n/nmap-ncat-2:7.40-1.fc25.x86_64.rpm
wget https://dl.fedoraproject.org/pub/fedora/linux/updates/25/x86_64/n/npth-1.3-1.fc25.x86_64.rpm
wget https://dl.fedoraproject.org/pub/fedora/linux/updates/25/x86_64/n/nss-3.28.1-1.3.fc25.x86_64.rpm
wget https://dl.fedoraproject.org/pub/fedora/linux/updates/25/x86_64/n/nss-softokn-3.28.1-1.0.fc25.x86_64.rpm
wget https://dl.fedoraproject.org/pub/fedora/linux/updates/25/x86_64/n/nss-softokn-freebl-3.28.1-1.0.fc25.x86_64.rpm
wget https://dl.fedoraproject.org/pub/fedora/linux/updates/25/x86_64/n/nss-sysinit-3.28.1-1.3.fc25.x86_64.rpm
wget https://dl.fedoraproject.org/pub/fedora/linux/updates/25/x86_64/n/nss-tools-3.28.1-1.3.fc25.x86_64.rpm
wget https://dl.fedoraproject.org/pub/fedora/linux/updates/25/x86_64/n/nss-util-3.28.1-1.0.fc25.x86_64.rpm
wget https://dl.fedoraproject.org/pub/fedora/linux/updates/25/x86_64/o/oci-systemd-hook-0.1.4-4.git15c2f48.fc25.x86_64.rpm
wget https://dl.fedoraproject.org/pub/fedora/linux/updates/25/x86_64/o/openldap-2.4.44-7.fc25.x86_64.rpm
wget https://dl.fedoraproject.org/pub/fedora/linux/updates/25/x86_64/o/openssh-7.4p1-2.fc25.x86_64.rpm
wget https://dl.fedoraproject.org/pub/fedora/linux/updates/25/x86_64/o/openssh-clients-7.4p1-2.fc25.x86_64.rpm
wget https://dl.fedoraproject.org/pub/fedora/linux/updates/25/x86_64/o/openssh-server-7.4p1-2.fc25.x86_64.rpm
wget https://dl.fedoraproject.org/pub/fedora/linux/updates/25/x86_64/o/openssl-1:1.0.2k-1.fc25.x86_64.rpm
wget https://dl.fedoraproject.org/pub/fedora/linux/updates/25/x86_64/o/openssl-libs-1:1.0.2k-1.fc25.x86_64.rpm
wget https://dl.fedoraproject.org/pub/fedora/linux/updates/25/x86_64/o/ostree-2017.1-2.fc25.x86_64.rpm
wget https://dl.fedoraproject.org/pub/fedora/linux/updates/25/x86_64/o/ostree-grub2-2017.1-2.fc25.x86_64.rpm
wget https://dl.fedoraproject.org/pub/fedora/linux/updates/25/x86_64/p/pcre-8.40-1.fc25.x86_64.rpm
wget https://dl.fedoraproject.org/pub/fedora/linux/updates/25/x86_64/p/pigz-2.3.4-1.fc25.x86_64.rpm
wget https://dl.fedoraproject.org/pub/fedora/linux/updates/25/x86_64/p/policycoreutils-2.5-19.fc25.x86_64.rpm
wget https://dl.fedoraproject.org/pub/fedora/linux/updates/25/x86_64/p/policycoreutils-python-2.5-19.fc25.x86_64.rpm
wget https://dl.fedoraproject.org/pub/fedora/linux/updates/25/x86_64/p/policycoreutils-python-utils-2.5-19.fc25.x86_64.rpm
wget https://dl.fedoraproject.org/pub/fedora/linux/updates/25/x86_64/p/policycoreutils-python3-2.5-19.fc25.x86_64.rpm
wget https://dl.fedoraproject.org/pub/fedora/linux/updates/25/x86_64/p/publicsuffix-list-dafsa-20170116-1.fc25.noarch.rpm
wget https://dl.fedoraproject.org/pub/fedora/linux/updates/25/x86_64/p/python-2.7.13-1.fc25.x86_64.rpm
wget https://dl.fedoraproject.org/pub/fedora/linux/updates/25/x86_64/p/python-cephfs-1:10.2.4-2.fc25.x86_64.rpm
wget https://dl.fedoraproject.org/pub/fedora/linux/updates/25/x86_64/p/python-docker-py-1.10.6-1.fc25.noarch.rpm
wget https://dl.fedoraproject.org/pub/fedora/linux/updates/25/x86_64/p/python-libs-2.7.13-1.fc25.x86_64.rpm
wget https://dl.fedoraproject.org/pub/fedora/linux/updates/25/x86_64/p/python-rados-1:10.2.4-2.fc25.x86_64.rpm
wget https://dl.fedoraproject.org/pub/fedora/linux/updates/25/x86_64/p/python-rbd-1:10.2.4-2.fc25.x86_64.rpm
wget https://dl.fedoraproject.org/pub/fedora/linux/updates/25/x86_64/p/python3-crypto-2.6.1-13.fc25.x86_64.rpm
wget https://dl.fedoraproject.org/pub/fedora/linux/updates/25/x86_64/p/python3-dateutil-1:2.6.0-1.fc25.noarch.rpm
wget https://dl.fedoraproject.org/pub/fedora/linux/updates/25/x86_64/p/python3-decorator-4.0.11-1.fc25.noarch.rpm
wget https://dl.fedoraproject.org/pub/fedora/linux/updates/25/x86_64/p/python3-docker-py-1.10.6-1.fc25.noarch.rpm
wget https://dl.fedoraproject.org/pub/fedora/linux/updates/25/x86_64/p/python3-jinja2-2.8.1-1.fc25.noarch.rpm
wget https://dl.fedoraproject.org/pub/fedora/linux/updates/25/x86_64/p/python3-rpm-4.13.0-6.fc25.x86_64.rpm
wget https://dl.fedoraproject.org/pub/fedora/linux/updates/25/x86_64/p/python3-sssdconfig-1.14.2-2.fc25.noarch.rpm
wget https://dl.fedoraproject.org/pub/fedora/linux/updates/25/x86_64/q/quota-1:4.03-7.fc25.x86_64.rpm
wget https://dl.fedoraproject.org/pub/fedora/linux/updates/25/x86_64/q/quota-nls-1:4.03-7.fc25.noarch.rpm
wget https://dl.fedoraproject.org/pub/fedora/linux/updates/25/x86_64/r/rpcbind-0.2.4-4.fc25.x86_64.rpm
wget https://dl.fedoraproject.org/pub/fedora/linux/updates/25/x86_64/r/rpm-4.13.0-6.fc25.x86_64.rpm
wget https://dl.fedoraproject.org/pub/fedora/linux/updates/25/x86_64/r/rpm-build-libs-4.13.0-6.fc25.x86_64.rpm
wget https://dl.fedoraproject.org/pub/fedora/linux/updates/25/x86_64/r/rpm-libs-4.13.0-6.fc25.x86_64.rpm
wget https://dl.fedoraproject.org/pub/fedora/linux/updates/25/x86_64/r/rpm-ostree-2016.13-1.fc25.x86_64.rpm
wget https://dl.fedoraproject.org/pub/fedora/linux/updates/25/x86_64/r/rpm-plugin-selinux-4.13.0-6.fc25.x86_64.rpm
wget https://dl.fedoraproject.org/pub/fedora/linux/updates/25/x86_64/r/runc-1:1.0.0-5.rc2.gitc91b5be.fc25.x86_64.rpm
wget https://dl.fedoraproject.org/pub/fedora/linux/updates/25/x86_64/s/screen-4.5.0-1.fc25.x86_64.rpm
wget https://dl.fedoraproject.org/pub/fedora/linux/updates/25/x86_64/s/selinux-policy-3.13.1-225.6.fc25.noarch.rpm
wget https://dl.fedoraproject.org/pub/fedora/linux/updates/25/x86_64/s/selinux-policy-targeted-3.13.1-225.6.fc25.noarch.rpm
wget https://dl.fedoraproject.org/pub/fedora/linux/updates/25/x86_64/s/shared-mime-info-1.8-1.fc25.x86_64.rpm
wget https://dl.fedoraproject.org/pub/fedora/linux/updates/25/x86_64/s/skopeo-0.1.17-1.dev.git2b3af4a.fc25.x86_64.rpm
wget https://dl.fedoraproject.org/pub/fedora/linux/updates/25/x86_64/s/skopeo-containers-0.1.17-1.dev.git2b3af4a.fc25.x86_64.rpm
wget https://dl.fedoraproject.org/pub/fedora/linux/updates/25/x86_64/s/slang-2.3.0-7.fc25.x86_64.rpm
wget https://dl.fedoraproject.org/pub/fedora/linux/updates/25/x86_64/s/socat-1.7.3.2-1.fc25.x86_64.rpm
wget https://dl.fedoraproject.org/pub/fedora/linux/updates/25/x86_64/s/sssd-client-1.14.2-2.fc25.x86_64.rpm
wget https://dl.fedoraproject.org/pub/fedora/linux/updates/25/x86_64/s/strace-4.15-1.fc25.x86_64.rpm
wget https://dl.fedoraproject.org/pub/fedora/linux/updates/25/x86_64/s/sudo-1.8.18p1-1.fc25.x86_64.rpm
wget https://dl.fedoraproject.org/pub/fedora/linux/updates/25/x86_64/s/systemd-231-12.fc25.x86_64.rpm
wget https://dl.fedoraproject.org/pub/fedora/linux/updates/25/x86_64/s/systemd-container-231-12.fc25.x86_64.rpm
wget https://dl.fedoraproject.org/pub/fedora/linux/updates/25/x86_64/s/systemd-libs-231-12.fc25.x86_64.rpm
wget https://dl.fedoraproject.org/pub/fedora/linux/updates/25/x86_64/s/systemd-pam-231-12.fc25.x86_64.rpm
wget https://dl.fedoraproject.org/pub/fedora/linux/updates/25/x86_64/s/systemd-udev-231-12.fc25.x86_64.rpm

wget https://dl.fedoraproject.org/pub/fedora/linux/updates/25/x86_64/t/tar-1.29-3.fc25.x86_64.rpm
wget https://dl.fedoraproject.org/pub/fedora/linux/updates/25/x86_64/t/tcpdump-4.9.0-1.fc25.x86_64.rpm
wget https://dl.fedoraproject.org/pub/fedora/linux/updates/25/x86_64/t/tzdata-2016j-2.fc25.noarch.rpm
wget https://dl.fedoraproject.org/pub/fedora/linux/updates/25/x86_64/v/vim-minimal-8.0.324-1.fc25.x86_64.rpm
wget https://dl.fedoraproject.org/pub/fedora/linux/updates/25/x86_64/x/xfsprogs-4.9.0-1.fc25.x86_64.rpm
wget https://dl.fedoraproject.org/pub/fedora/linux/updates/25/x86_64/x/xkeyboard-config-2.20-2.fc25.noarch.rpm
wget https://dl.fedoraproject.org/pub/fedora/linux/updates/25/x86_64/c/container-selinux-2:2.5-1.fc25.noarch.rpm
wget https://dl.fedoraproject.org/pub/fedora/linux/updates/25/x86_64/d/docker-1.12.6-6.gitae7d637.fc25.x86_64.rpm
wget https://dl.fedoraproject.org/pub/fedora/linux/updates/25/x86_64/d/docker-common-1.12.6-6.gitae7d637.fc25.x86_64.rpm
wget https://dl.fedoraproject.org/pub/fedora/linux/updates/25/x86_64/l/libpng-1.6.27-1.fc25.x86_64.rpm

wget https://dl.fedoraproject.org/pub/fedora/linux/updates/25/x86_64/n/nmap-ncat-7.40-1.fc25.x86_64.rpm
wget https://dl.fedoraproject.org/pub/fedora/linux/updates/25/x86_64/t/tar-1.29-3.fc25.x86_64.rpm
wget https://dl.fedoraproject.org/pub/fedora/linux/updates/25/x86_64/v/vim-minimal-8.0.324-1.fc25.x86_64.rpm
wget https://dl.fedoraproject.org/pub/fedora/linux/updates/25/x86_64/c/ceph-common-10.2.4-2.fc25.x86_64.rpm
wget https://dl.fedoraproject.org/pub/fedora/linux/updates/25/x86_64/d/dbus-1.11.8-1.fc25.x86_64.rpm
wget https://dl.fedoraproject.org/pub/fedora/linux/updates/25/x86_64/d/dbus-libs-1.11.8-1.fc25.x86_64.rpm
wget https://dl.fedoraproject.org/pub/fedora/linux/updates/25/x86_64/e/emacs-filesystem-25.1-3.fc25.noarch.rpm
wget https://dl.fedoraproject.org/pub/fedora/linux/updates/25/x86_64/g/grub2-2.02-0.38.fc25.x86_64.rpm
wget https://dl.fedoraproject.org/pub/fedora/linux/updates/25/x86_64/g/grub2-efi-2.02-0.38.fc25.x86_64.rpm
wget https://dl.fedoraproject.org/pub/fedora/linux/updates/25/x86_64/g/grub2-tools-2.02-0.38.fc25.x86_64.rpm
wget https://dl.fedoraproject.org/pub/fedora/linux/updates/25/x86_64/l/libcephfs1-10.2.4-2.fc25.x86_64.rpm
wget https://dl.fedoraproject.org/pub/fedora/linux/updates/25/x86_64/l/librados2-10.2.4-2.fc25.x86_64.rpm
wget https://dl.fedoraproject.org/pub/fedora/linux/updates/25/x86_64/l/libradosstriper1-10.2.4-2.fc25.x86_64.rpm
wget https://dl.fedoraproject.org/pub/fedora/linux/updates/25/x86_64/l/librbd1-10.2.4-2.fc25.x86_64.rpm
wget https://dl.fedoraproject.org/pub/fedora/linux/updates/25/x86_64/l/librgw2-10.2.4-2.fc25.x86_64.rpm
wget https://dl.fedoraproject.org/pub/fedora/linux/updates/25/x86_64/n/nfs-utils-2.1.1-1.fc25.x86_64.rpm
wget https://dl.fedoraproject.org/pub/fedora/linux/updates/25/x86_64/o/openssl-1.0.2k-1.fc25.x86_64.rpm
wget https://dl.fedoraproject.org/pub/fedora/linux/updates/25/x86_64/o/openssl-libs-1.0.2k-1.fc25.x86_64.rpm
wget https://dl.fedoraproject.org/pub/fedora/linux/updates/25/x86_64/p/python-cephfs-10.2.4-2.fc25.x86_64.rpm
wget https://dl.fedoraproject.org/pub/fedora/linux/updates/25/x86_64/p/python-rados-10.2.4-2.fc25.x86_64.rpm
wget https://dl.fedoraproject.org/pub/fedora/linux/updates/25/x86_64/p/python-rbd-10.2.4-2.fc25.x86_64.rpm
wget https://dl.fedoraproject.org/pub/fedora/linux/updates/25/x86_64/p/python3-dateutil-2.6.0-1.fc25.noarch.rpm
wget https://dl.fedoraproject.org/pub/fedora/linux/updates/25/x86_64/q/quota-4.03-7.fc25.x86_64.rpm
wget https://dl.fedoraproject.org/pub/fedora/linux/updates/25/x86_64/q/quota-nls-4.03-7.fc25.noarch.rpm
wget https://dl.fedoraproject.org/pub/fedora/linux/updates/25/x86_64/r/runc-1.0.0-5.rc2.gitc91b5be.fc25.x86_64.rpm


 wget ftp://rpmfind.net/linux/fedora/linux/releases/25/Everything/x86_64/os/Packages/l/libpcap-1.7.4-2.fc24.i686.rpm
wget ftp://rpmfind.net/linux/fedora/linux/updates/25/x86_64/c/container-selinux-2.5-1.fc25.noarch.rpm

wget ftp://195.220.108.108/linux/fedora/linux/updates/25/x86_64/l/libpng-1.6.27-1.fc25.x86_64.rpm

wget ftp://195.220.108.108/linux/fedora/linux/releases/25/Everything/x86_64/os/Packages/g/guile-2.0.13-1.fc25.x86_64.rpm

wget ftp://195.220.108.108/linux/fedora/linux/development/rawhide/Everything/x86_64/os/Packages/l/libpcap-1.8.1-2.fc26.x86_64.rpm
